This file contains any messages produced by compilers while
running configure, to aid debugging if configure makes a mistake.

configure:531: checking for gcc
configure:608: checking whether the C compiler (gcc  ) works
configure:622: gcc -o conftest    conftest.c  1>&5
configure:642: checking whether the C compiler (gcc  ) is a cross-compiler
configure:647: checking whether we are using GNU C
configure:671: checking whether gcc accepts -g
configure:699: checking for POSIXized ISC
configure:766: checking host system type
configure:787: checking target system type
configure:805: checking build system type
configure:828: checking how to run the C preprocessor
configure:889: checking for AIX
configure:913: checking whether make sets ${MAKE}
configure:942: checking for rm
configure:973: checking for cp
configure:1012: checking for a BSD compatible install
configure:1063: checking for gethostbyname in -lnsl
configure:1110: checking for res_mkquery
configure:1205: checking for socket in -lsocket
configure:1252: checking for crypt
configure:1298: checking for crypt in -ldescrypt
configure:1395: checking for ANSI C header files
configure:1502: checking for sys/param.h
configure:1502: checking for unistd.h
configure:1502: checking for string.h
configure:1502: checking for strings.h
configure:1502: checking for sys/syslog.h
configure:1502: checking for stdlib.h
configure:1502: checking for stddef.h
configure:1540: checking for malloc.h
configure:1575: checking MIN and MAX definition
configure:1605: checking whether gcc needs -traditional
configure:1653: checking for index
configure:1653: checking for strerror
configure:1653: checking for strtoken
configure:1653: checking for strtok
configure:1653: checking for inet_addr
configure:1653: checking for inet_ntoa
configure:1653: checking for inet_netof
configure:1653: checking for inet_aton
configure:1708: checking for gettimeofday
configure:1708: checking for lrand48
configure:1708: checking for sigaction
configure:1708: checking for bzero
configure:1708: checking for bcmp
configure:1708: checking for bcopy
configure:1763: checking for dn_skipname
configure:1763: checking for __dn_skipname
configure:1816: checking for non-blocking socket implementation
configure:1852: gcc -o conftest -g -O2   conftest.c -ldescrypt  1>&5
configure: In function `main':
configure:1840: warning: passing arg 2 of `signal' from incompatible pointer type
configure:1842: warning: passing arg 5 of `recvfrom' from incompatible pointer type
configure:1901: gcc -o conftest -g -O2   conftest.c -ldescrypt  1>&5
configure: failed program was:
#line 1870 "configure"
#include "confdefs.h"

#include <sys/types.h>
#include <sys/socket.h>
#include <fcntl.h>
#include <sys/ioctl.h>
#include <sys/file.h>
#include <signal.h>
alarmed()
{
	exit(1);
}
int main()
{
#if defined( O_NDELAY ) && !defined( NBLOCK_POSIX )
	char b[12], x[32];
	int f, l = sizeof(x);
	f = socket(AF_INET, SOCK_DGRAM, 0);
	if (f >= 0 && !(fcntl(f, F_SETFL, O_NDELAY))) {
		signal(SIGALRM, alarmed);
		alarm(3);
		recvfrom(f, b, 12, 0, x, &l);
		alarm(0);
		exit(0);
	}
#endif
	exit(1);
}

configure:1950: gcc -o conftest -g -O2   conftest.c -ldescrypt  1>&5
configure: failed program was:
#line 1919 "configure"
#include "confdefs.h"

#include <sys/types.h>
#include <sys/socket.h>
#include <fcntl.h>
#include <sys/ioctl.h>
#include <sys/file.h>
#include <signal.h>
alarmed()
{
	exit(1);
}
int main()
{
#if !defined(NBLOCK_BSD) && !defined(NBLOCK_POSIX) && defined(FIONBIO)
	char b[12], x[32];
	int f, l = sizeof(x);
	f = socket(AF_INET, SOCK_DGRAM, 0);
	if (f >= 0 && !(fcntl(f, F_SETFL, FIONBIO))) {
		signal(SIGALRM, alarmed);
		alarm(3);
		recvfrom(f, b, 12, 0, x, &l);
		alarm(0);
		exit(0);
	}
#endif /* !NBLOCK_POSIX && !NBLOCK_BSD && FIONBIO */
	exit(1);
}

configure:1965: checking signal implementation
configure:1983: gcc -o conftest -g -O2   conftest.c -ldescrypt  1>&5
configure:2041: checking operating system
